[INFO] Scanning for projects...
[INFO] ------------------------------------------------------------------------
[INFO] Detecting the operating system and CPU architecture
[INFO] ------------------------------------------------------------------------
[INFO] os.detected.name: windows
[INFO] os.detected.arch: x86_64
[INFO] os.detected.bitness: 64
[INFO] os.detected.version: 10.0
[INFO] os.detected.version.major: 10
[INFO] os.detected.version.minor: 0
[INFO] os.detected.classifier: windows-x86_64
[INFO] 
[INFO] --------------------< com.auction:identity-service >--------------------
[INFO] Building identity-service 1.0.0
[INFO]   from pom.xml
[INFO] --------------------------------[ jar ]---------------------------------
[INFO] 
[INFO] --- clean:3.2.0:clean (default-clean) @ identity-service ---
[INFO] Deleting E:\auction-engine\services\identity-java\target
[INFO] 
[INFO] --- protobuf:0.6.1:compile (default) @ identity-service ---
[INFO] Compiling 1 proto file(s) to E:\auction-engine\services\identity-java\target\generated-sources\protobuf\java
[INFO] 
[INFO] --- protobuf:0.6.1:compile-custom (default) @ identity-service ---
[INFO] Compiling 1 proto file(s) to E:\auction-engine\services\identity-java\target\generated-sources\protobuf\grpc-java
[INFO] 
[INFO] --- resources:3.2.0:resources (default-resources) @ identity-service ---
[INFO] Using 'UTF-8' encoding to copy filtered resources.
[INFO] Using 'UTF-8' encoding to copy filtered properties files.
[INFO] Copying 1 resource
[INFO] Copying 0 resource
[INFO] Copying 1 resource
[INFO] Copying 1 resource
[INFO] 
[INFO] --- compiler:3.10.1:compile (default-compile) @ identity-service ---
[INFO] Changes detected - recompiling the module!
[INFO] Compiling 18 source files to E:\auction-engine\services\identity-java\target\classes
[INFO] ------------------------------------------------------------------------
[INFO] BUILD SUCCESS
[INFO] ------------------------------------------------------------------------
[INFO] Total time:  6.689 s
[INFO] Finished at: 2026-03-29T13:53:14Z
[INFO] ------------------------------------------------------------------------
